<?xml version="1.0" encoding="UTF-8"?>
<!-- Generated by org.testng.reporters.JUnitReportReporter -->
<testsuite hostname="Minh-Thanh.local" failures="0" tests="2" name="poly.edu.TestFormDisplayRule" time="4.652" errors="0" timestamp="2022-08-03T23:16:07 ICT" skipped="0">
  <testcase classname="poly.edu.TestFormDisplayRule" name="test" time="4.432"/>
  <system-out/>
  <testcase classname="poly.edu.TestFormDisplayRule" name="test2" time="0.220"/>
  <system-out/>
</testsuite> <!-- poly.edu.TestFormDisplayRule -->
