<?xml version="1.0" encoding="UTF-8"?>
<!-- Generated by org.testng.reporters.JUnitReportReporter -->
<testsuite hostname="Minh-Thanh.local" failures="0" tests="1" name="poly.edu.testDeleteemployee" time="2.701" errors="0" timestamp="2022-08-06T00:25:26 ICT" skipped="0">
  <testcase classname="poly.edu.testDeleteemployee" name="f" time="2.701"/>
  <system-out/>
</testsuite> <!-- poly.edu.testDeleteemployee -->
