<?xml version="1.0" encoding="UTF-8"?>
<!-- Generated by org.testng.reporters.JUnitReportReporter -->
<testsuite hostname="Minh-Thanh.local" failures="0" tests="1" name="poly.edu.testInsertemployee" time="1.624" errors="0" timestamp="2022-08-05T23:57:11 ICT" skipped="0">
  <testcase classname="poly.edu.testInsertemployee" name="f" time="1.624"/>
  <system-out/>
</testsuite> <!-- poly.edu.testInsertemployee -->
