<?xml version="1.0" encoding="UTF-8"?>
<!-- Generated by org.testng.reporters.JUnitReportReporter -->
<testsuite hostname="Minh-Thanh.local" failures="0" tests="1" name="poly.edu.testChangePassword" time="0.141" errors="0" timestamp="2022-08-05T23:29:14 ICT" skipped="0">
  <testcase classname="poly.edu.testChangePassword" name="f" time="0.141"/>
  <system-out/>
</testsuite> <!-- poly.edu.testChangePassword -->
