<?xml version="1.0" encoding="UTF-8"?>
<!-- Generated by org.testng.reporters.JUnitReportReporter -->
<testsuite hostname="Minh-Thanh.local" failures="0" tests="1" name="poly.edu.testUpdateemployee" time="1.577" errors="0" timestamp="2022-08-06T00:05:27 ICT" skipped="0">
  <testcase classname="poly.edu.testUpdateemployee" name="f" time="1.577"/>
  <system-out/>
</testsuite> <!-- poly.edu.testUpdateemployee -->
