<?xml version="1.0" encoding="UTF-8"?>
<!-- Generated by org.testng.reporters.JUnitReportReporter -->
<testsuite hostname="Minh-Thanh.local" failures="0" tests="1" name="poly.edu.testLogin" time="0.010" errors="0" timestamp="2022-08-04T00:20:13 ICT" skipped="0">
  <testcase classname="poly.edu.testLogin" name="f" time="0.010"/>
  <system-out/>
</testsuite> <!-- poly.edu.testLogin -->
